<?xml version="1.0" encoding="UTF-8"?>
<testng-results ignored="0" total="3" passed="3" failed="0" skipped="0">
  <reporter-output>
  </reporter-output>
  <suite started-at="2021-10-07T20:34:06 IST" name="Default suite" finished-at="2021-10-07T20:34:50 IST" duration-ms="43571">
    <groups>
    </groups>
    <test started-at="2021-10-07T20:34:06 IST" name="Default test" finished-at="2021-10-07T20:34:50 IST" duration-ms="43571">
      <class name="smoke.Add_customer">
        <test-method is-config="true" signature="openbrowser()[pri:0, instance:smoke.Add_customer@bd4dc25]" started-at="2021-10-07T20:34:06 IST" name="openbrowser" finished-at="2021-10-07T20:34:08 IST" duration-ms="1728" status="PASS">
          <reporter-output>
          </reporter-output>
        </test-method> <!-- openbrowser -->
        <test-method is-config="true" signature="login()[pri:0, instance:smoke.Add_customer@bd4dc25]" started-at="2021-10-07T20:34:08 IST" name="login" finished-at="2021-10-07T20:34:11 IST" duration-ms="2516" status="PASS">
          <reporter-output>
          </reporter-output>
        </test-method> <!-- login -->
        <test-method signature="addCustomer()[pri:0, instance:smoke.Add_customer@bd4dc25]" started-at="2021-10-07T20:34:11 IST" name="addCustomer" finished-at="2021-10-07T20:34:20 IST" duration-ms="9469" status="PASS">
          <reporter-output>
          </reporter-output>
        </test-method> <!-- addCustomer -->
        <test-method signature="createOrder()[pri:0, instance:smoke.Add_customer@bd4dc25]" started-at="2021-10-07T20:34:20 IST" name="createOrder" finished-at="2021-10-07T20:34:36 IST" duration-ms="16138" status="PASS">
          <reporter-output>
          </reporter-output>
        </test-method> <!-- createOrder -->
        <test-method signature="uploadFile()[pri:0, instance:smoke.Add_customer@bd4dc25]" started-at="2021-10-07T20:34:36 IST" name="uploadFile" finished-at="2021-10-07T20:34:46 IST" duration-ms="9500" status="PASS">
          <reporter-output>
          </reporter-output>
        </test-method> <!-- uploadFile -->
        <test-method is-config="true" signature="closeBrowser()[pri:0, instance:smoke.Add_customer@bd4dc25]" started-at="2021-10-07T20:34:46 IST" name="closeBrowser" finished-at="2021-10-07T20:34:50 IST" duration-ms="4172" status="PASS">
          <reporter-output>
          </reporter-output>
        </test-method> <!-- closeBrowser -->
      </class> <!-- smoke.Add_customer -->
    </test> <!-- Default test -->
  </suite> <!-- Default suite -->
</testng-results>
