<?xml version="1.0" encoding="UTF-8"?>
<!-- Generated by org.testng.reporters.JUnitXMLReporter -->
<testsuite ignored="0" hostname="TXCHD-LAP-121" failures="0" tests="3" name="Default test" time="43.571" errors="0" timestamp="2021-10-07T20:34:50 IST">
  <testcase classname="smoke.Add_customer" name="addCustomer" time="9.469"/>
  <testcase classname="smoke.Add_customer" name="createOrder" time="16.138"/>
  <testcase classname="smoke.Add_customer" name="uploadFile" time="9.5"/>
</testsuite> <!-- Default test -->
